<?xml version="1.0" encoding="UTF-8"?>
<!-- Generated by org.testng.reporters.JUnitReportReporter -->
<testsuite skipped="0" hostname="Acer" name="com.crm.qa.testcases.LoginPageTest" tests="3" failures="0" timestamp="17 Dec 2018 05:44:57 GMT" time="58.255" errors="0">
  <testcase name="LoginPageTitleTest" time="17.719" classname="com.crm.qa.testcases.LoginPageTest"/>
  <testcase name="crmLogoImgTest" time="19.114" classname="com.crm.qa.testcases.LoginPageTest"/>
  <testcase name="LoginTest" time="21.422" classname="com.crm.qa.testcases.LoginPageTest"/>
</testsuite> <!-- com.crm.qa.testcases.LoginPageTest -->
