<?xml version="1.0" encoding="UTF-8"?>
<!-- Generated by org.testng.reporters.JUnitReportReporter -->
<testsuite skipped="0" hostname="Acer" name="com.crm.qa.testcases.HomePageTest" tests="3" failures="0" timestamp="17 Dec 2018 05:44:57 GMT" time="102.692" errors="0">
  <testcase name="verifyHomePageTitleTest" time="27.254" classname="com.crm.qa.testcases.HomePageTest"/>
  <testcase name="verifUsernameTest" time="24.412" classname="com.crm.qa.testcases.HomePageTest"/>
  <testcase name="verifyCotactLinkTest" time="51.026" classname="com.crm.qa.testcases.HomePageTest"/>
</testsuite> <!-- com.crm.qa.testcases.HomePageTest -->
